<?xml version="1.0" encoding="UTF-8"?>
<testsuite xmlns:xsi="http://www.w3.org/2001/XMLSchema-instance" xsi:noNamespaceSchemaLocation="https://maven.apache.org/surefire/maven-surefire-plugin/xsd/surefire-test-report.xsd" name="ke.co.safaricom.processors.smpp.SmppClientTest" time="1.198" tests="1" errors="0" skipped="0" failures="0">
  <properties>
    <property name="sun.desktop" value="windows"/>
    <property name="awt.toolkit" value="sun.awt.windows.WToolkit"/>
    <property name="file.encoding.pkg" value="sun.io"/>
    <property name="java.specification.version" value="1.8"/>
    <property name="sun.cpu.isalist" value="pentium_pro+mmx pentium_pro pentium+mmx pentium i486 i386 i86"/>
    <property name="sun.jnu.encoding" value="Cp1252"/>
    <property name="java.class.path" value="D:\coding\nifi\smpp\apache-nifi-smpp-processor\nifi-smpp-processors\target\test-classes;D:\coding\nifi\smpp\apache-nifi-smpp-processor\nifi-smpp-processors\target\classes;C:\Users\RLIGAYE\.m2\repository\org\apache\nifi\nifi-api\1.10.0\nifi-api-1.10.0.jar;C:\Users\RLIGAYE\.m2\repository\org\apache\nifi\nifi-utils\1.10.0\nifi-utils-1.10.0.jar;C:\Users\RLIGAYE\.m2\repository\org\jsmpp\jsmpp\2.3.6\jsmpp-2.3.6.jar;C:\Users\RLIGAYE\.m2\repository\org\slf4j\slf4j-api\1.7.26\slf4j-api-1.7.26.jar;C:\Users\RLIGAYE\.m2\repository\org\mockito\mockito-all\1.10.19\mockito-all-1.10.19.jar;C:\Users\RLIGAYE\.m2\repository\org\apache\nifi\nifi-mock\1.10.0\nifi-mock-1.10.0.jar;C:\Users\RLIGAYE\.m2\repository\org\apache\nifi\nifi-framework-api\1.10.0\nifi-framework-api-1.10.0.jar;C:\Users\RLIGAYE\.m2\repository\org\apache\nifi\nifi-parameter\1.10.0\nifi-parameter-1.10.0.jar;C:\Users\RLIGAYE\.m2\repository\org\apache\nifi\nifi-expression-language\1.10.0\nifi-expression-language-1.10.0.jar;C:\Users\RLIGAYE\.m2\repository\org\antlr\antlr-runtime\3.5.2\antlr-runtime-3.5.2.jar;C:\Users\RLIGAYE\.m2\repository\com\jayway\jsonpath\json-path\2.4.0\json-path-2.4.0.jar;C:\Users\RLIGAYE\.m2\repository\com\fasterxml\jackson\core\jackson-databind\2.9.10\jackson-databind-2.9.10.jar;C:\Users\RLIGAYE\.m2\repository\com\fasterxml\jackson\core\jackson-annotations\2.9.10\jackson-annotations-2.9.10.jar;C:\Users\RLIGAYE\.m2\repository\com\fasterxml\jackson\core\jackson-core\2.9.10\jackson-core-2.9.10.jar;C:\Users\RLIGAYE\.m2\repository\org\apache\commons\commons-text\1.8\commons-text-1.8.jar;C:\Users\RLIGAYE\.m2\repository\org\apache\commons\commons-lang3\3.9\commons-lang3-3.9.jar;C:\Users\RLIGAYE\.m2\repository\org\apache\nifi\nifi-data-provenance-utils\1.10.0\nifi-data-provenance-utils-1.10.0.jar;C:\Users\RLIGAYE\.m2\repository\org\apache\nifi\nifi-security-utils\1.10.0\nifi-security-utils-1.10.0.jar;C:\Users\RLIGAYE\.m2\repository\commons-codec\commons-codec\1.12\commons-codec-1.12.jar;C:\Users\RLIGAYE\.m2\repository\org\bouncycastle\bcpkix-jdk15on\1.61\bcpkix-jdk15on-1.61.jar;C:\Users\RLIGAYE\.m2\repository\de\svenkubiak\jBCrypt\0.4.1\jBCrypt-0.4.1.jar;C:\Users\RLIGAYE\.m2\repository\org\apache\commons\commons-configuration2\2.4\commons-configuration2-2.4.jar;C:\Users\RLIGAYE\.m2\repository\commons-logging\commons-logging\1.2\commons-logging-1.2.jar;C:\Users\RLIGAYE\.m2\repository\org\bouncycastle\bcprov-jdk15on\1.61\bcprov-jdk15on-1.61.jar;C:\Users\RLIGAYE\.m2\repository\org\apache\nifi\nifi-properties-loader\1.10.0\nifi-properties-loader-1.10.0.jar;C:\Users\RLIGAYE\.m2\repository\org\apache\nifi\nifi-properties\1.10.0\nifi-properties-1.10.0.jar;C:\Users\RLIGAYE\.m2\repository\org\slf4j\slf4j-simple\1.7.26\slf4j-simple-1.7.26.jar;C:\Users\RLIGAYE\.m2\repository\com\google\code\gson\gson\2.8.6\gson-2.8.6.jar;C:\Users\RLIGAYE\.m2\repository\com\github\mikesafonov\smpp-server-mock-junit\1.5.0\smpp-server-mock-junit-1.5.0.jar;C:\Users\RLIGAYE\.m2\repository\com\github\mikesafonov\smpp-server-mock-core\1.5.0\smpp-server-mock-core-1.5.0.jar;C:\Users\RLIGAYE\.m2\repository\org\restcomm\smpp\ch-smpp\5.1.0-113\ch-smpp-5.1.0-113.jar;C:\Users\RLIGAYE\.m2\repository\org\restcomm\smpp\ch-commons-util\7.0.6\ch-commons-util-7.0.6.jar;C:\Users\RLIGAYE\.m2\repository\joda-time\joda-time\2.10.8\joda-time-2.10.8.jar;C:\Users\RLIGAYE\.m2\repository\org\restcomm\smpp\ch-commons-charset\7.0.6\ch-commons-charset-7.0.6.jar;C:\Users\RLIGAYE\.m2\repository\io\netty\netty\3.9.6.Final\netty-3.9.6.Final.jar;C:\Users\RLIGAYE\.m2\repository\org\restcomm\smpp\ch-commons-gsm\7.0.6\ch-commons-gsm-7.0.6.jar;C:\Users\RLIGAYE\.m2\repository\org\junit\jupiter\junit-jupiter-api\5.6.2\junit-jupiter-api-5.6.2.jar;C:\Users\RLIGAYE\.m2\repository\org\apiguardian\apiguardian-api\1.1.0\apiguardian-api-1.1.0.jar;C:\Users\RLIGAYE\.m2\repository\org\opentest4j\opentest4j\1.2.0\opentest4j-1.2.0.jar;C:\Users\RLIGAYE\.m2\repository\org\junit\platform\junit-platform-commons\1.6.2\junit-platform-commons-1.6.2.jar;C:\Users\RLIGAYE\.m2\repository\net\minidev\json-smart\2.3\json-smart-2.3.jar;C:\Users\RLIGAYE\.m2\repository\net\minidev\accessors-smart\1.2\accessors-smart-1.2.jar;C:\Users\RLIGAYE\.m2\repository\org\ow2\asm\asm\5.0.4\asm-5.0.4.jar;C:\Users\RLIGAYE\.m2\repository\junit\junit\4.12\junit-4.12.jar;C:\Users\RLIGAYE\.m2\repository\org\hamcrest\hamcrest-core\1.3\hamcrest-core-1.3.jar;C:\Users\RLIGAYE\.m2\repository\org\mockito\mockito-core\2.28.2\mockito-core-2.28.2.jar;C:\Users\RLIGAYE\.m2\repository\net\bytebuddy\byte-buddy\1.9.10\byte-buddy-1.9.10.jar;C:\Users\RLIGAYE\.m2\repository\net\bytebuddy\byte-buddy-agent\1.9.10\byte-buddy-agent-1.9.10.jar;C:\Users\RLIGAYE\.m2\repository\org\objenesis\objenesis\2.6\objenesis-2.6.jar;C:\Users\RLIGAYE\.m2\repository\org\codehaus\groovy\groovy-test\2.5.4\groovy-test-2.5.4.jar;C:\Users\RLIGAYE\.m2\repository\org\codehaus\groovy\groovy\2.5.4\groovy-2.5.4.jar;"/>
    <property name="java.vm.vendor" value="Oracle Corporation"/>
    <property name="sun.arch.data.model" value="32"/>
    <property name="user.variant" value=""/>
    <property name="java.vendor.url" value="http://java.oracle.com/"/>
    <property name="user.timezone" value="Africa/Nairobi"/>
    <property name="java.vm.specification.version" value="1.8"/>
    <property name="os.name" value="Windows 8.1"/>
    <property name="user.country" value="US"/>
    <property name="sun.java.launcher" value="SUN_STANDARD"/>
    <property name="sun.boot.library.path" value="C:\java-se-8u41-ri\jre\bin"/>
    <property name="sun.java.command" value="C:\Users\RLIGAYE\AppData\Local\Temp\surefire1888843694261943492\surefirebooter2204384759651750804.jar C:\Users\RLIGAYE\AppData\Local\Temp\surefire1888843694261943492 2020-11-14T00-09-34_749-jvmRun1 surefire8346607873768739550tmp surefire_05152440941946429113tmp"/>
    <property name="surefire.test.class.path" value="D:\coding\nifi\smpp\apache-nifi-smpp-processor\nifi-smpp-processors\target\test-classes;D:\coding\nifi\smpp\apache-nifi-smpp-processor\nifi-smpp-processors\target\classes;C:\Users\RLIGAYE\.m2\repository\org\apache\nifi\nifi-api\1.10.0\nifi-api-1.10.0.jar;C:\Users\RLIGAYE\.m2\repository\org\apache\nifi\nifi-utils\1.10.0\nifi-utils-1.10.0.jar;C:\Users\RLIGAYE\.m2\repository\org\jsmpp\jsmpp\2.3.6\jsmpp-2.3.6.jar;C:\Users\RLIGAYE\.m2\repository\org\slf4j\slf4j-api\1.7.26\slf4j-api-1.7.26.jar;C:\Users\RLIGAYE\.m2\repository\org\mockito\mockito-all\1.10.19\mockito-all-1.10.19.jar;C:\Users\RLIGAYE\.m2\repository\org\apache\nifi\nifi-mock\1.10.0\nifi-mock-1.10.0.jar;C:\Users\RLIGAYE\.m2\repository\org\apache\nifi\nifi-framework-api\1.10.0\nifi-framework-api-1.10.0.jar;C:\Users\RLIGAYE\.m2\repository\org\apache\nifi\nifi-parameter\1.10.0\nifi-parameter-1.10.0.jar;C:\Users\RLIGAYE\.m2\repository\org\apache\nifi\nifi-expression-language\1.10.0\nifi-expression-language-1.10.0.jar;C:\Users\RLIGAYE\.m2\repository\org\antlr\antlr-runtime\3.5.2\antlr-runtime-3.5.2.jar;C:\Users\RLIGAYE\.m2\repository\com\jayway\jsonpath\json-path\2.4.0\json-path-2.4.0.jar;C:\Users\RLIGAYE\.m2\repository\com\fasterxml\jackson\core\jackson-databind\2.9.10\jackson-databind-2.9.10.jar;C:\Users\RLIGAYE\.m2\repository\com\fasterxml\jackson\core\jackson-annotations\2.9.10\jackson-annotations-2.9.10.jar;C:\Users\RLIGAYE\.m2\repository\com\fasterxml\jackson\core\jackson-core\2.9.10\jackson-core-2.9.10.jar;C:\Users\RLIGAYE\.m2\repository\org\apache\commons\commons-text\1.8\commons-text-1.8.jar;C:\Users\RLIGAYE\.m2\repository\org\apache\commons\commons-lang3\3.9\commons-lang3-3.9.jar;C:\Users\RLIGAYE\.m2\repository\org\apache\nifi\nifi-data-provenance-utils\1.10.0\nifi-data-provenance-utils-1.10.0.jar;C:\Users\RLIGAYE\.m2\repository\org\apache\nifi\nifi-security-utils\1.10.0\nifi-security-utils-1.10.0.jar;C:\Users\RLIGAYE\.m2\repository\commons-codec\commons-codec\1.12\commons-codec-1.12.jar;C:\Users\RLIGAYE\.m2\repository\org\bouncycastle\bcpkix-jdk15on\1.61\bcpkix-jdk15on-1.61.jar;C:\Users\RLIGAYE\.m2\repository\de\svenkubiak\jBCrypt\0.4.1\jBCrypt-0.4.1.jar;C:\Users\RLIGAYE\.m2\repository\org\apache\commons\commons-configuration2\2.4\commons-configuration2-2.4.jar;C:\Users\RLIGAYE\.m2\repository\commons-logging\commons-logging\1.2\commons-logging-1.2.jar;C:\Users\RLIGAYE\.m2\repository\org\bouncycastle\bcprov-jdk15on\1.61\bcprov-jdk15on-1.61.jar;C:\Users\RLIGAYE\.m2\repository\org\apache\nifi\nifi-properties-loader\1.10.0\nifi-properties-loader-1.10.0.jar;C:\Users\RLIGAYE\.m2\repository\org\apache\nifi\nifi-properties\1.10.0\nifi-properties-1.10.0.jar;C:\Users\RLIGAYE\.m2\repository\org\slf4j\slf4j-simple\1.7.26\slf4j-simple-1.7.26.jar;C:\Users\RLIGAYE\.m2\repository\com\google\code\gson\gson\2.8.6\gson-2.8.6.jar;C:\Users\RLIGAYE\.m2\repository\com\github\mikesafonov\smpp-server-mock-junit\1.5.0\smpp-server-mock-junit-1.5.0.jar;C:\Users\RLIGAYE\.m2\repository\com\github\mikesafonov\smpp-server-mock-core\1.5.0\smpp-server-mock-core-1.5.0.jar;C:\Users\RLIGAYE\.m2\repository\org\restcomm\smpp\ch-smpp\5.1.0-113\ch-smpp-5.1.0-113.jar;C:\Users\RLIGAYE\.m2\repository\org\restcomm\smpp\ch-commons-util\7.0.6\ch-commons-util-7.0.6.jar;C:\Users\RLIGAYE\.m2\repository\joda-time\joda-time\2.10.8\joda-time-2.10.8.jar;C:\Users\RLIGAYE\.m2\repository\org\restcomm\smpp\ch-commons-charset\7.0.6\ch-commons-charset-7.0.6.jar;C:\Users\RLIGAYE\.m2\repository\io\netty\netty\3.9.6.Final\netty-3.9.6.Final.jar;C:\Users\RLIGAYE\.m2\repository\org\restcomm\smpp\ch-commons-gsm\7.0.6\ch-commons-gsm-7.0.6.jar;C:\Users\RLIGAYE\.m2\repository\org\junit\jupiter\junit-jupiter-api\5.6.2\junit-jupiter-api-5.6.2.jar;C:\Users\RLIGAYE\.m2\repository\org\apiguardian\apiguardian-api\1.1.0\apiguardian-api-1.1.0.jar;C:\Users\RLIGAYE\.m2\repository\org\opentest4j\opentest4j\1.2.0\opentest4j-1.2.0.jar;C:\Users\RLIGAYE\.m2\repository\org\junit\platform\junit-platform-commons\1.6.2\junit-platform-commons-1.6.2.jar;C:\Users\RLIGAYE\.m2\repository\net\minidev\json-smart\2.3\json-smart-2.3.jar;C:\Users\RLIGAYE\.m2\repository\net\minidev\accessors-smart\1.2\accessors-smart-1.2.jar;C:\Users\RLIGAYE\.m2\repository\org\ow2\asm\asm\5.0.4\asm-5.0.4.jar;C:\Users\RLIGAYE\.m2\repository\junit\junit\4.12\junit-4.12.jar;C:\Users\RLIGAYE\.m2\repository\org\hamcrest\hamcrest-core\1.3\hamcrest-core-1.3.jar;C:\Users\RLIGAYE\.m2\repository\org\mockito\mockito-core\2.28.2\mockito-core-2.28.2.jar;C:\Users\RLIGAYE\.m2\repository\net\bytebuddy\byte-buddy\1.9.10\byte-buddy-1.9.10.jar;C:\Users\RLIGAYE\.m2\repository\net\bytebuddy\byte-buddy-agent\1.9.10\byte-buddy-agent-1.9.10.jar;C:\Users\RLIGAYE\.m2\repository\org\objenesis\objenesis\2.6\objenesis-2.6.jar;C:\Users\RLIGAYE\.m2\repository\org\codehaus\groovy\groovy-test\2.5.4\groovy-test-2.5.4.jar;C:\Users\RLIGAYE\.m2\repository\org\codehaus\groovy\groovy\2.5.4\groovy-2.5.4.jar;"/>
    <property name="sun.cpu.endian" value="little"/>
    <property name="user.home" value="C:\Users\RLIGAYE"/>
    <property name="user.language" value="en"/>
    <property name="java.specification.vendor" value="Oracle Corporation"/>
    <property name="java.home" value="C:\java-se-8u41-ri\jre"/>
    <property name="basedir" value="D:\coding\nifi\smpp\apache-nifi-smpp-processor\nifi-smpp-processors"/>
    <property name="file.separator" value="\"/>
    <property name="line.separator" value="&#10;"/>
    <property name="java.vm.specification.vendor" value="Oracle Corporation"/>
    <property name="java.specification.name" value="Java Platform API Specification"/>
    <property name="java.awt.graphicsenv" value="sun.awt.Win32GraphicsEnvironment"/>
    <property name="java.awt.headless" value="true"/>
    <property name="surefire.real.class.path" value="C:\Users\RLIGAYE\AppData\Local\Temp\surefire1888843694261943492\surefirebooter2204384759651750804.jar"/>
    <property name="idea.version2020.1.4" value="true"/>
    <property name="sun.boot.class.path" value="C:\java-se-8u41-ri\jre\lib\resources.jar;C:\java-se-8u41-ri\jre\lib\rt.jar;C:\java-se-8u41-ri\jre\lib\sunrsasign.jar;C:\java-se-8u41-ri\jre\lib\jsse.jar;C:\java-se-8u41-ri\jre\lib\jce.jar;C:\java-se-8u41-ri\jre\lib\charsets.jar;C:\java-se-8u41-ri\jre\lib\jfr.jar;C:\java-se-8u41-ri\jre\classes"/>
    <property name="user.script" value=""/>
    <property name="sun.management.compiler" value="HotSpot Client Compiler"/>
    <property name="java.runtime.version" value="1.8.0_41-b04"/>
    <property name="java.net.preferIPv4Stack" value="true"/>
    <property name="user.name" value="RLIGAYE"/>
    <property name="path.separator" value=";"/>
    <property name="os.version" value="6.3"/>
    <property name="java.endorsed.dirs" value="C:\java-se-8u41-ri\jre\lib\endorsed"/>
    <property name="java.runtime.name" value="OpenJDK Runtime Environment"/>
    <property name="file.encoding" value="UTF-8"/>
    <property name="java.vm.name" value="OpenJDK Client VM"/>
    <property name="localRepository" value="C:\Users\RLIGAYE\.m2\repository"/>
    <property name="java.vendor.url.bug" value="http://bugreport.sun.com/bugreport/"/>
    <property name="java.io.tmpdir" value="C:\Users\RLIGAYE\AppData\Local\Temp\"/>
    <property name="java.version" value="1.8.0_41"/>
    <property name="user.dir" value="D:\coding\nifi\smpp\apache-nifi-smpp-processor\nifi-smpp-processors"/>
    <property name="os.arch" value="x86"/>
    <property name="java.vm.specification.name" value="Java Virtual Machine Specification"/>
    <property name="java.awt.printerjob" value="sun.awt.windows.WPrinterJob"/>
    <property name="sun.os.patch.level" value=""/>
    <property name="java.library.path" value="C:\java-se-8u41-ri\jre\bin;C:\Windows\Sun\Java\bin;C:\Windows\system32;C:\Windows;C:\Program Files (x86)\Microsoft SDKs\Azure\CLI2\wbin;C:\Windows\system32;C:\Windows;C:\Windows\System32\Wbem;C:\Windows\System32\WindowsPowerShell\v1.0\;C:\Windows\System32\OpenSSH\;C:\Program Files\Intel\WiFi\bin\;C:\Program Files\Common Files\Intel\WirelessCommon\;C:\Program Files (x86)\Sennheiser\SoftphoneSDK\;C:\Users\RLIGAYE\AppData\Local\Microsoft\WindowsApps;C:\Users\RLIGAYE\AppData\Local\Programs\Git\cmd;."/>
    <property name="java.vm.info" value="mixed mode"/>
    <property name="java.vendor" value="Oracle Corporation"/>
    <property name="java.vm.version" value="25.40-b25"/>
    <property name="java.ext.dirs" value="C:\java-se-8u41-ri\jre\lib\ext;C:\Windows\Sun\Java\lib\ext"/>
    <property name="sun.io.unicode.encoding" value="UnicodeLittle"/>
    <property name="java.class.version" value="52.0"/>
  </properties>
  <testcase name="testProcessor" classname="ke.co.safaricom.processors.smpp.SmppClientTest" time="1.027"/>
</testsuite>